<?xml version="1.0" encoding="UTF-8"?>
<!-- Generated by org.testng.reporters.JUnitReportReporter -->
<testsuite hostname="LAPTOP-VTOPII84" failures="0" tests="1" name="com.test.GoogleSearchTest" time="8.680" errors="0" timestamp="2025-07-17T01:03:51 IST" skipped="0">
  <testcase classname="com.test.GoogleSearchTest" name="searchSeleniumOnGoogle" time="8.680"/>
</testsuite> <!-- com.test.GoogleSearchTest -->
